[ 2014-12-10T07:50:48+08:00 ] 127.0.0.1 /bbs/
INFO: [ app_init ] --START--
INFO: Run Behavior\BuildLiteBehavior [ RunTime:0.000000s ]
INFO: [ app_init ] --END-- [ RunTime:0.001000s ]
INFO: [ app_begin ] --START--
INFO: Run Behavior\ReadHtmlCacheBehavior [ RunTime:0.000000s ]
INFO: [ app_begin ] --END-- [ RunTime:0.001000s ]
NOTIC: [8192] mysql_connect(): The mysql extension is deprecated and will be removed in the future: use mysqli or PDO instead E:\10\BBS\bbs\ThinkPHP\Library\Think\Db\Driver\Mysql.class.php 第 52 行.
SQL: SHOW COLUMNS FROM `nav` [ RunTime:0.005000s ]
SQL: SELECT * FROM `nav` WHERE `isset` = 1  [ RunTime:0.001000s ]
SQL: SHOW COLUMNS FROM `article` [ RunTime:0.005001s ]
NOTIC: [8] Use of undefined constant 学院信息 - assumed '学院信息' E:\10\BBS\bbs\bbs\Home\Controller\IndexController.class.php 第 17 行.
SQL: SELECT * FROM `article` WHERE `c_title` = '学院信息'  [ RunTime:0.003000s ]
NOTIC: [8] Use of undefined constant 校园动态 - assumed '校园动态' E:\10\BBS\bbs\bbs\Home\Controller\IndexController.class.php 第 19 行.
SQL: SELECT * FROM `article` WHERE `c_title` = '校园动态' ORDER BY a_time desc LIMIT 8   [ RunTime:0.001000s ]
SQL: SHOW COLUMNS FROM `jiuye` [ RunTime:0.005000s ]
SQL: SELECT * FROM `jiuye` ORDER BY add_time desc LIMIT 8   [ RunTime:0.001000s ]
SQL: SHOW COLUMNS FROM `question` [ RunTime:0.005001s ]
SQL: SELECT * FROM `question` ORDER BY q_time desc LIMIT 0,6   [ RunTime:0.001000s ]
SQL: SELECT * FROM `question` ORDER BY q_time desc LIMIT 6,5   [ RunTime:0.002000s ]
SQL: SHOW COLUMNS FROM `jiuye1` [ RunTime:0.004000s ]
SQL: SELECT * FROM `jiuye1` ORDER BY add_time desc LIMIT 4   [ RunTime:0.001000s ]
INFO: [ view_parse ] --START--
INFO: [ template_filter ] --START--
INFO: Run Behavior\ContentReplaceBehavior [ RunTime:0.000000s ]
INFO: [ template_filter ] --END-- [ RunTime:0.000000s ]
NOTIC: [8] Undefined variable: v E:\10\BBS\bbs\bbs\Runtime\Cache\Home\b59e3bfcbcf97c0d24029db8c75e3047.php 第 167 行.
NOTIC: [8] Undefined variable: v E:\10\BBS\bbs\bbs\Runtime\Cache\Home\b59e3bfcbcf97c0d24029db8c75e3047.php 第 167 行.
NOTIC: [8] Undefined variable: v E:\10\BBS\bbs\bbs\Runtime\Cache\Home\b59e3bfcbcf97c0d24029db8c75e3047.php 第 167 行.
NOTIC: [8] Undefined variable: v E:\10\BBS\bbs\bbs\Runtime\Cache\Home\b59e3bfcbcf97c0d24029db8c75e3047.php 第 167 行.
NOTIC: [8] Undefined variable: v E:\10\BBS\bbs\bbs\Runtime\Cache\Home\b59e3bfcbcf97c0d24029db8c75e3047.php 第 167 行.
NOTIC: [8] Undefined variable: v E:\10\BBS\bbs\bbs\Runtime\Cache\Home\b59e3bfcbcf97c0d24029db8c75e3047.php 第 167 行.
NOTIC: [8] Undefined variable: v E:\10\BBS\bbs\bbs\Runtime\Cache\Home\b59e3bfcbcf97c0d24029db8c75e3047.php 第 167 行.
NOTIC: [8] Undefined variable: v E:\10\BBS\bbs\bbs\Runtime\Cache\Home\b59e3bfcbcf97c0d24029db8c75e3047.php 第 167 行.
INFO: Run Behavior\ParseTemplateBehavior [ RunTime:0.125007s ]
INFO: [ view_parse ] --END-- [ RunTime:0.125007s ]
INFO: [ view_filter ] --START--
INFO: Run Behavior\WriteHtmlCacheBehavior [ RunTime:0.000000s ]
INFO: [ view_filter ] --END-- [ RunTime:0.000000s ]
INFO: [ app_end ] --START--
INFO: Run Behavior\ShowPageTraceBehavior [ RunTime:0.001000s ]
INFO: [ app_end ] --END-- [ RunTime:0.001000s ]

[ 2014-12-10T07:50:53+08:00 ] 127.0.0.1 /bbs/index.php/home/shipin/index
INFO: [ app_init ] --START--
INFO: Run Behavior\BuildLiteBehavior [ RunTime:0.000000s ]
INFO: [ app_init ] --END-- [ RunTime:0.000000s ]
INFO: [ app_begin ] --START--
INFO: Run Behavior\ReadHtmlCacheBehavior [ RunTime:0.001001s ]
INFO: [ app_begin ] --END-- [ RunTime:0.001001s ]
NOTIC: [8192] mysql_connect(): The mysql extension is deprecated and will be removed in the future: use mysqli or PDO instead E:\10\BBS\bbs\ThinkPHP\Library\Think\Db\Driver\Mysql.class.php 第 52 行.
SQL: SHOW COLUMNS FROM `nav` [ RunTime:0.005000s ]
SQL: SELECT * FROM `nav` WHERE `isset` = 1  [ RunTime:0.001000s ]
SQL: SHOW COLUMNS FROM `b_vadio` [ RunTime:0.005000s ]
SQL: SELECT COUNT(*) AS tp_count FROM `b_vadio` LIMIT 1   [ RunTime:0.001000s ]
INFO: [ view_parse ] --START--
INFO: [ template_filter ] --START--
INFO: Run Behavior\ContentReplaceBehavior [ RunTime:0.000000s ]
INFO: [ template_filter ] --END-- [ RunTime:0.000000s ]
INFO: Run Behavior\ParseTemplateBehavior [ RunTime:0.078005s ]
INFO: [ view_parse ] --END-- [ RunTime:0.078005s ]
INFO: [ view_filter ] --START--
INFO: Run Behavior\WriteHtmlCacheBehavior [ RunTime:0.001000s ]
INFO: [ view_filter ] --END-- [ RunTime:0.001000s ]
INFO: [ app_end ] --START--
INFO: Run Behavior\ShowPageTraceBehavior [ RunTime:0.001000s ]
INFO: [ app_end ] --END-- [ RunTime:0.001000s ]

[ 2014-12-10T07:50:56+08:00 ] 127.0.0.1 /bbs/index.php/home/shizi/index
INFO: [ app_init ] --START--
INFO: Run Behavior\BuildLiteBehavior [ RunTime:0.000000s ]
INFO: [ app_init ] --END-- [ RunTime:0.000000s ]
INFO: [ app_begin ] --START--
INFO: Run Behavior\ReadHtmlCacheBehavior [ RunTime:0.001000s ]
INFO: [ app_begin ] --END-- [ RunTime:0.001000s ]
NOTIC: [8192] mysql_connect(): The mysql extension is deprecated and will be removed in the future: use mysqli or PDO instead E:\10\BBS\bbs\ThinkPHP\Library\Think\Db\Driver\Mysql.class.php 第 52 行.
SQL: SHOW COLUMNS FROM `nav` [ RunTime:0.004001s ]
SQL: SELECT * FROM `nav` WHERE `isset` = 1  [ RunTime:0.002000s ]
SQL: SHOW COLUMNS FROM `shizi` [ RunTime:0.004000s ]
SQL: SELECT COUNT(*) AS tp_count FROM `shizi` WHERE ( is_del=1 and is_show=1 ) LIMIT 1   [ RunTime:0.001000s ]
SQL: SELECT * FROM `shizi` WHERE ( is_del=1 and is_show=1 ) LIMIT 0,2   [ RunTime:0.002000s ]
INFO: [ view_parse ] --START--
INFO: [ template_filter ] --START--
INFO: Run Behavior\ContentReplaceBehavior [ RunTime:0.000000s ]
INFO: [ template_filter ] --END-- [ RunTime:0.000000s ]
INFO: Run Behavior\ParseTemplateBehavior [ RunTime:0.021002s ]
INFO: [ view_parse ] --END-- [ RunTime:0.021002s ]
INFO: [ view_filter ] --START--
INFO: Run Behavior\WriteHtmlCacheBehavior [ RunTime:0.000000s ]
INFO: [ view_filter ] --END-- [ RunTime:0.000000s ]
INFO: [ app_end ] --START--
INFO: Run Behavior\ShowPageTraceBehavior [ RunTime:0.001000s ]
INFO: [ app_end ] --END-- [ RunTime:0.001000s ]

[ 2014-12-10T07:50:58+08:00 ] 127.0.0.1 /bbs/index.php/home/jiuye/index
INFO: [ app_init ] --START--
INFO: Run Behavior\BuildLiteBehavior [ RunTime:0.000000s ]
INFO: [ app_init ] --END-- [ RunTime:0.000000s ]
INFO: [ app_begin ] --START--
INFO: Run Behavior\ReadHtmlCacheBehavior [ RunTime:0.000000s ]
INFO: [ app_begin ] --END-- [ RunTime:0.001000s ]
NOTIC: [8192] mysql_connect(): The mysql extension is deprecated and will be removed in the future: use mysqli or PDO instead E:\10\BBS\bbs\ThinkPHP\Library\Think\Db\Driver\Mysql.class.php 第 52 行.
SQL: SHOW COLUMNS FROM `nav` [ RunTime:0.008000s ]
SQL: SELECT * FROM `nav` WHERE `isset` = 1  [ RunTime:0.001000s ]
SQL: SHOW COLUMNS FROM `jiuye` [ RunTime:0.005000s ]
SQL: SELECT COUNT(*) AS tp_count FROM `jiuye` LIMIT 1   [ RunTime:0.002001s ]
NOTIC: [8] Undefined variable: list E:\10\BBS\bbs\bbs\Home\Controller\JiuyeController.class.php 第 27 行.
INFO: [ view_parse ] --START--
INFO: [ template_filter ] --START--
INFO: Run Behavior\ContentReplaceBehavior [ RunTime:0.000000s ]
INFO: [ template_filter ] --END-- [ RunTime:0.000000s ]
NOTIC: [8] Undefined variable: res E:\10\BBS\bbs\bbs\Runtime\Cache\Home\ab4e92f0cf01f4fb53c0c83978bcb22d.php 第 55 行.
NOTIC: [8] Undefined index: student_name E:\10\BBS\bbs\bbs\Runtime\Cache\Home\ab4e92f0cf01f4fb53c0c83978bcb22d.php 第 84 行.
NOTIC: [8] Undefined index: school_name E:\10\BBS\bbs\bbs\Runtime\Cache\Home\ab4e92f0cf01f4fb53c0c83978bcb22d.php 第 85 行.
INFO: Run Behavior\ParseTemplateBehavior [ RunTime:0.017001s ]
INFO: [ view_parse ] --END-- [ RunTime:0.017001s ]
INFO: [ view_filter ] --START--
INFO: Run Behavior\WriteHtmlCacheBehavior [ RunTime:0.000000s ]
INFO: [ view_filter ] --END-- [ RunTime:0.000000s ]
INFO: [ app_end ] --START--
INFO: Run Behavior\ShowPageTraceBehavior [ RunTime:0.000000s ]
INFO: [ app_end ] --END-- [ RunTime:0.000000s ]

[ 2014-12-10T07:51:01+08:00 ] 127.0.0.1 /bbs/index.php/home/question1/index
INFO: [ app_init ] --START--
INFO: Run Behavior\BuildLiteBehavior [ RunTime:0.000000s ]
INFO: [ app_init ] --END-- [ RunTime:0.000000s ]
INFO: [ app_begin ] --START--
INFO: Run Behavior\ReadHtmlCacheBehavior [ RunTime:0.001000s ]
INFO: [ app_begin ] --END-- [ RunTime:0.001000s ]

[ 2014-12-10T07:51:07+08:00 ] 127.0.0.1 /bbs/index.php/home/question1/index
INFO: [ app_init ] --START--
INFO: Run Behavior\BuildLiteBehavior [ RunTime:0.000000s ]
INFO: [ app_init ] --END-- [ RunTime:0.000000s ]
INFO: [ app_begin ] --START--
INFO: Run Behavior\ReadHtmlCacheBehavior [ RunTime:0.001000s ]
INFO: [ app_begin ] --END-- [ RunTime:0.001000s ]

[ 2014-12-10T07:52:25+08:00 ] 127.0.0.1 /bbs/index.php/home/question1/index
INFO: [ app_init ] --START--
INFO: Run Behavior\BuildLiteBehavior [ RunTime:0.000000s ]
INFO: [ app_init ] --END-- [ RunTime:0.001000s ]
INFO: [ app_begin ] --START--
INFO: Run Behavior\ReadHtmlCacheBehavior [ RunTime:0.000000s ]
INFO: [ app_begin ] --END-- [ RunTime:0.000000s ]
NOTIC: [8192] mysql_connect(): The mysql extension is deprecated and will be removed in the future: use mysqli or PDO instead E:\10\BBS\bbs\ThinkPHP\Library\Think\Db\Driver\Mysql.class.php 第 52 行.
SQL: SHOW COLUMNS FROM `nav` [ RunTime:0.010001s ]
SQL: SELECT * FROM `nav` WHERE `isset` = 1  [ RunTime:0.001000s ]
SQL: SHOW COLUMNS FROM `question` [ RunTime:0.009000s ]
SQL: SELECT COUNT(*) AS tp_count FROM `question` LIMIT 1   [ RunTime:0.001000s ]
SQL: SELECT * FROM `question` WHERE ( q_show=1 ) LIMIT 0,3   [ RunTime:0.001000s ]
SQL: SELECT * FROM `question` WHERE ( q_show=2 )  [ RunTime:0.001000s ]
INFO: [ view_parse ] --START--
INFO: [ template_filter ] --START--
INFO: Run Behavior\ContentReplaceBehavior [ RunTime:0.001000s ]
INFO: [ template_filter ] --END-- [ RunTime:0.001000s ]
INFO: Run Behavior\ParseTemplateBehavior [ RunTime:0.050003s ]
INFO: [ view_parse ] --END-- [ RunTime:0.050003s ]
INFO: [ view_filter ] --START--
INFO: Run Behavior\WriteHtmlCacheBehavior [ RunTime:0.001000s ]
INFO: [ view_filter ] --END-- [ RunTime:0.001000s ]
INFO: [ app_end ] --START--
INFO: Run Behavior\ShowPageTraceBehavior [ RunTime:0.001000s ]
INFO: [ app_end ] --END-- [ RunTime:0.001000s ]

[ 2014-12-10T07:52:27+08:00 ] 127.0.0.1 /bbs/index.php/home/question1/index
INFO: [ app_init ] --START--
INFO: Run Behavior\BuildLiteBehavior [ RunTime:0.000000s ]
INFO: [ app_init ] --END-- [ RunTime:0.001000s ]
INFO: [ app_begin ] --START--
INFO: Run Behavior\ReadHtmlCacheBehavior [ RunTime:0.001000s ]
INFO: [ app_begin ] --END-- [ RunTime:0.001000s ]
NOTIC: [8192] mysql_connect(): The mysql extension is deprecated and will be removed in the future: use mysqli or PDO instead E:\10\BBS\bbs\ThinkPHP\Library\Think\Db\Driver\Mysql.class.php 第 52 行.
SQL: SHOW COLUMNS FROM `nav` [ RunTime:0.009001s ]
SQL: SELECT * FROM `nav` WHERE `isset` = 1  [ RunTime:0.002000s ]
SQL: SHOW COLUMNS FROM `question` [ RunTime:0.009000s ]
SQL: SELECT COUNT(*) AS tp_count FROM `question` LIMIT 1   [ RunTime:0.001000s ]
SQL: SELECT * FROM `question` WHERE ( q_show=1 ) LIMIT 0,3   [ RunTime:0.001000s ]
SQL: SELECT * FROM `question` WHERE ( q_show=2 )  [ RunTime:0.001000s ]
INFO: [ view_parse ] --START--
INFO: [ template_filter ] --START--
INFO: Run Behavior\ContentReplaceBehavior [ RunTime:0.001000s ]
INFO: [ template_filter ] --END-- [ RunTime:0.001000s ]
INFO: Run Behavior\ParseTemplateBehavior [ RunTime:0.025001s ]
INFO: [ view_parse ] --END-- [ RunTime:0.025001s ]
INFO: [ view_filter ] --START--
INFO: Run Behavior\WriteHtmlCacheBehavior [ RunTime:0.001000s ]
INFO: [ view_filter ] --END-- [ RunTime:0.001000s ]
INFO: [ app_end ] --START--
INFO: Run Behavior\ShowPageTraceBehavior [ RunTime:0.002000s ]
INFO: [ app_end ] --END-- [ RunTime:0.002000s ]

[ 2014-12-10T07:52:34+08:00 ] 127.0.0.1 /bbs/index.php/home/jiuye/index
INFO: [ app_init ] --START--
INFO: Run Behavior\BuildLiteBehavior [ RunTime:0.000000s ]
INFO: [ app_init ] --END-- [ RunTime:0.000000s ]
INFO: [ app_begin ] --START--
INFO: Run Behavior\ReadHtmlCacheBehavior [ RunTime:0.000000s ]
INFO: [ app_begin ] --END-- [ RunTime:0.000000s ]
NOTIC: [8192] mysql_connect(): The mysql extension is deprecated and will be removed in the future: use mysqli or PDO instead E:\10\BBS\bbs\ThinkPHP\Library\Think\Db\Driver\Mysql.class.php 第 52 行.
SQL: SHOW COLUMNS FROM `nav` [ RunTime:0.009001s ]
SQL: SELECT * FROM `nav` WHERE `isset` = 1  [ RunTime:0.002000s ]
SQL: SHOW COLUMNS FROM `jiuye` [ RunTime:0.008000s ]
SQL: SELECT COUNT(*) AS tp_count FROM `jiuye` LIMIT 1   [ RunTime:0.001000s ]
NOTIC: [8] Undefined variable: list E:\10\BBS\bbs\bbs\Home\Controller\JiuyeController.class.php 第 27 行.
INFO: [ view_parse ] --START--
INFO: [ template_filter ] --START--
INFO: Run Behavior\ContentReplaceBehavior [ RunTime:0.001000s ]
INFO: [ template_filter ] --END-- [ RunTime:0.001000s ]
NOTIC: [8] Undefined variable: res E:\10\BBS\bbs\bbs\Runtime\Cache\Home\ab4e92f0cf01f4fb53c0c83978bcb22d.php 第 55 行.
NOTIC: [8] Undefined index: student_name E:\10\BBS\bbs\bbs\Runtime\Cache\Home\ab4e92f0cf01f4fb53c0c83978bcb22d.php 第 84 行.
NOTIC: [8] Undefined index: school_name E:\10\BBS\bbs\bbs\Runtime\Cache\Home\ab4e92f0cf01f4fb53c0c83978bcb22d.php 第 85 行.
INFO: Run Behavior\ParseTemplateBehavior [ RunTime:0.017001s ]
INFO: [ view_parse ] --END-- [ RunTime:0.017001s ]
INFO: [ view_filter ] --START--
INFO: Run Behavior\WriteHtmlCacheBehavior [ RunTime:0.001001s ]
INFO: [ view_filter ] --END-- [ RunTime:0.001001s ]
INFO: [ app_end ] --START--
INFO: Run Behavior\ShowPageTraceBehavior [ RunTime:0.001000s ]
INFO: [ app_end ] --END-- [ RunTime:0.001000s ]

[ 2014-12-10T07:52:38+08:00 ] 127.0.0.1 /bbs/index.php/home/shizi/index
INFO: [ app_init ] --START--
INFO: Run Behavior\BuildLiteBehavior [ RunTime:0.000000s ]
INFO: [ app_init ] --END-- [ RunTime:0.001000s ]
INFO: [ app_begin ] --START--
INFO: Run Behavior\ReadHtmlCacheBehavior [ RunTime:0.001000s ]
INFO: [ app_begin ] --END-- [ RunTime:0.002000s ]
NOTIC: [8192] mysql_connect(): The mysql extension is deprecated and will be removed in the future: use mysqli or PDO instead E:\10\BBS\bbs\ThinkPHP\Library\Think\Db\Driver\Mysql.class.php 第 52 行.
SQL: SHOW COLUMNS FROM `nav` [ RunTime:0.009001s ]
SQL: SELECT * FROM `nav` WHERE `isset` = 1  [ RunTime:0.001000s ]
SQL: SHOW COLUMNS FROM `shizi` [ RunTime:0.014001s ]
SQL: SELECT COUNT(*) AS tp_count FROM `shizi` WHERE ( is_del=1 and is_show=1 ) LIMIT 1   [ RunTime:0.002000s ]
SQL: SELECT * FROM `shizi` WHERE ( is_del=1 and is_show=1 ) LIMIT 0,2   [ RunTime:0.002000s ]
INFO: [ view_parse ] --START--
INFO: [ template_filter ] --START--
INFO: Run Behavior\ContentReplaceBehavior [ RunTime:0.000000s ]
INFO: [ template_filter ] --END-- [ RunTime:0.000000s ]
INFO: Run Behavior\ParseTemplateBehavior [ RunTime:0.017001s ]
INFO: [ view_parse ] --END-- [ RunTime:0.017001s ]
INFO: [ view_filter ] --START--
INFO: Run Behavior\WriteHtmlCacheBehavior [ RunTime:0.000000s ]
INFO: [ view_filter ] --END-- [ RunTime:0.000000s ]
INFO: [ app_end ] --START--
INFO: Run Behavior\ShowPageTraceBehavior [ RunTime:0.001000s ]
INFO: [ app_end ] --END-- [ RunTime:0.001000s ]

[ 2014-12-10T07:52:40+08:00 ] 127.0.0.1 /bbs/index.php/home/shipin/index
INFO: [ app_init ] --START--
INFO: Run Behavior\BuildLiteBehavior [ RunTime:0.000000s ]
INFO: [ app_init ] --END-- [ RunTime:0.001000s ]
INFO: [ app_begin ] --START--
INFO: Run Behavior\ReadHtmlCacheBehavior [ RunTime:0.001000s ]
INFO: [ app_begin ] --END-- [ RunTime:0.001000s ]
NOTIC: [8192] mysql_connect(): The mysql extension is deprecated and will be removed in the future: use mysqli or PDO instead E:\10\BBS\bbs\ThinkPHP\Library\Think\Db\Driver\Mysql.class.php 第 52 行.
SQL: SHOW COLUMNS FROM `nav` [ RunTime:0.010001s ]
SQL: SELECT * FROM `nav` WHERE `isset` = 1  [ RunTime:0.001000s ]
SQL: SHOW COLUMNS FROM `b_vadio` [ RunTime:0.009001s ]
SQL: SELECT COUNT(*) AS tp_count FROM `b_vadio` LIMIT 1   [ RunTime:0.000000s ]
INFO: [ view_parse ] --START--
INFO: [ template_filter ] --START--
INFO: Run Behavior\ContentReplaceBehavior [ RunTime:0.000000s ]
INFO: [ template_filter ] --END-- [ RunTime:0.000000s ]
INFO: Run Behavior\ParseTemplateBehavior [ RunTime:0.010000s ]
INFO: [ view_parse ] --END-- [ RunTime:0.010000s ]
INFO: [ view_filter ] --START--
INFO: Run Behavior\WriteHtmlCacheBehavior [ RunTime:0.000000s ]
INFO: [ view_filter ] --END-- [ RunTime:0.000000s ]
INFO: [ app_end ] --START--
INFO: Run Behavior\ShowPageTraceBehavior [ RunTime:0.000000s ]
INFO: [ app_end ] --END-- [ RunTime:0.000000s ]

[ 2014-12-10T07:52:45+08:00 ] 127.0.0.1 /bbs/index.php/home/shizi/index
INFO: [ app_init ] --START--
INFO: Run Behavior\BuildLiteBehavior [ RunTime:0.000000s ]
INFO: [ app_init ] --END-- [ RunTime:0.001000s ]
INFO: [ app_begin ] --START--
INFO: Run Behavior\ReadHtmlCacheBehavior [ RunTime:0.001000s ]
INFO: [ app_begin ] --END-- [ RunTime:0.001000s ]
NOTIC: [8192] mysql_connect(): The mysql extension is deprecated and will be removed in the future: use mysqli or PDO instead E:\10\BBS\bbs\ThinkPHP\Library\Think\Db\Driver\Mysql.class.php 第 52 行.
SQL: SHOW COLUMNS FROM `nav` [ RunTime:0.010001s ]
SQL: SELECT * FROM `nav` WHERE `isset` = 1  [ RunTime:0.001000s ]
SQL: SHOW COLUMNS FROM `shizi` [ RunTime:0.009000s ]
SQL: SELECT COUNT(*) AS tp_count FROM `shizi` WHERE ( is_del=1 and is_show=1 ) LIMIT 1   [ RunTime:0.001000s ]
SQL: SELECT * FROM `shizi` WHERE ( is_del=1 and is_show=1 ) LIMIT 0,2   [ RunTime:0.002000s ]
INFO: [ view_parse ] --START--
INFO: [ template_filter ] --START--
INFO: Run Behavior\ContentReplaceBehavior [ RunTime:0.000000s ]
INFO: [ template_filter ] --END-- [ RunTime:0.000000s ]
INFO: Run Behavior\ParseTemplateBehavior [ RunTime:0.012000s ]
INFO: [ view_parse ] --END-- [ RunTime:0.012000s ]
INFO: [ view_filter ] --START--
INFO: Run Behavior\WriteHtmlCacheBehavior [ RunTime:0.000000s ]
INFO: [ view_filter ] --END-- [ RunTime:0.000000s ]
INFO: [ app_end ] --START--
INFO: Run Behavior\ShowPageTraceBehavior [ RunTime:0.000000s ]
INFO: [ app_end ] --END-- [ RunTime:0.000000s ]

[ 2014-12-10T07:52:46+08:00 ] 127.0.0.1 /bbs/index.php/home/jiuye/index
INFO: [ app_init ] --START--
INFO: Run Behavior\BuildLiteBehavior [ RunTime:0.000000s ]
INFO: [ app_init ] --END-- [ RunTime:0.001000s ]
INFO: [ app_begin ] --START--
INFO: Run Behavior\ReadHtmlCacheBehavior [ RunTime:0.001000s ]
INFO: [ app_begin ] --END-- [ RunTime:0.001000s ]
NOTIC: [8192] mysql_connect(): The mysql extension is deprecated and will be removed in the future: use mysqli or PDO instead E:\10\BBS\bbs\ThinkPHP\Library\Think\Db\Driver\Mysql.class.php 第 52 行.
SQL: SHOW COLUMNS FROM `nav` [ RunTime:0.010001s ]
SQL: SELECT * FROM `nav` WHERE `isset` = 1  [ RunTime:0.001000s ]
SQL: SHOW COLUMNS FROM `jiuye` [ RunTime:0.009000s ]
SQL: SELECT COUNT(*) AS tp_count FROM `jiuye` LIMIT 1   [ RunTime:0.001000s ]
NOTIC: [8] Undefined variable: list E:\10\BBS\bbs\bbs\Home\Controller\JiuyeController.class.php 第 27 行.
INFO: [ view_parse ] --START--
INFO: [ template_filter ] --START--
INFO: Run Behavior\ContentReplaceBehavior [ RunTime:0.000000s ]
INFO: [ template_filter ] --END-- [ RunTime:0.000000s ]
NOTIC: [8] Undefined variable: res E:\10\BBS\bbs\bbs\Runtime\Cache\Home\ab4e92f0cf01f4fb53c0c83978bcb22d.php 第 55 行.
NOTIC: [8] Undefined index: student_name E:\10\BBS\bbs\bbs\Runtime\Cache\Home\ab4e92f0cf01f4fb53c0c83978bcb22d.php 第 84 行.
NOTIC: [8] Undefined index: school_name E:\10\BBS\bbs\bbs\Runtime\Cache\Home\ab4e92f0cf01f4fb53c0c83978bcb22d.php 第 85 行.
INFO: Run Behavior\ParseTemplateBehavior [ RunTime:0.014000s ]
INFO: [ view_parse ] --END-- [ RunTime:0.014000s ]
INFO: [ view_filter ] --START--
INFO: Run Behavior\WriteHtmlCacheBehavior [ RunTime:0.001000s ]
INFO: [ view_filter ] --END-- [ RunTime:0.001000s ]
INFO: [ app_end ] --START--
INFO: Run Behavior\ShowPageTraceBehavior [ RunTime:0.001000s ]
INFO: [ app_end ] --END-- [ RunTime:0.001000s ]

[ 2014-12-10T07:52:48+08:00 ] 127.0.0.1 /bbs/index.php/home/shipin/index
INFO: [ app_init ] --START--
INFO: Run Behavior\BuildLiteBehavior [ RunTime:0.000000s ]
INFO: [ app_init ] --END-- [ RunTime:0.001000s ]
INFO: [ app_begin ] --START--
INFO: Run Behavior\ReadHtmlCacheBehavior [ RunTime:0.001000s ]
INFO: [ app_begin ] --END-- [ RunTime:0.001000s ]
NOTIC: [8192] mysql_connect(): The mysql extension is deprecated and will be removed in the future: use mysqli or PDO instead E:\10\BBS\bbs\ThinkPHP\Library\Think\Db\Driver\Mysql.class.php 第 52 行.
SQL: SHOW COLUMNS FROM `nav` [ RunTime:0.009001s ]
SQL: SELECT * FROM `nav` WHERE `isset` = 1  [ RunTime:0.001000s ]
SQL: SHOW COLUMNS FROM `b_vadio` [ RunTime:0.009000s ]
SQL: SELECT COUNT(*) AS tp_count FROM `b_vadio` LIMIT 1   [ RunTime:0.001000s ]
INFO: [ view_parse ] --START--
INFO: [ template_filter ] --START--
INFO: Run Behavior\ContentReplaceBehavior [ RunTime:0.000000s ]
INFO: [ template_filter ] --END-- [ RunTime:0.000000s ]
INFO: Run Behavior\ParseTemplateBehavior [ RunTime:0.015000s ]
INFO: [ view_parse ] --END-- [ RunTime:0.015000s ]
INFO: [ view_filter ] --START--
INFO: Run Behavior\WriteHtmlCacheBehavior [ RunTime:0.000000s ]
INFO: [ view_filter ] --END-- [ RunTime:0.000000s ]
INFO: [ app_end ] --START--
INFO: Run Behavior\ShowPageTraceBehavior [ RunTime:0.000000s ]
INFO: [ app_end ] --END-- [ RunTime:0.000000s ]

